#
# There is insufficient memory for the Java Runtime Environment to continue.
# Native memory allocation (mmap) failed to map 130023424 bytes for G1 virtual space
# Possible reasons:
#   The system is out of physical RAM or swap space
#   The process is running with CompressedOops enabled, and the Java Heap may be blocking the growth of the native heap
# Possible solutions:
#   Reduce memory load on the system
#   Increase physical memory or swap space
#   Check if swap backing store is full
#   Decrease Java heap size (-Xmx/-Xms)
#   Decrease number of Java threads
#   Decrease Java thread stack sizes (-Xss)
#   Set larger code cache with -XX:ReservedCodeCacheSize=
#   JVM is running with Unscaled Compressed Oops mode in which the Java heap is
#     placed in the first 4GB address space. The Java Heap base address is the
#     maximum limit for the native heap growth. Please use -XX:HeapBaseMinAddress
#     to set the Java Heap base and to place the Java Heap above 4GB virtual address.
# This output file may be truncated or incomplete.
#
#  Out of Memory Error (os_windows.cpp:3617), pid=1616, tid=13380
#
# JRE version:  (17.0.8+7) (build )
# Java VM: OpenJDK 64-Bit Server VM (17.0.8+7-LTS, mixed mode, emulated-client, sharing, tiered, compressed oops, compressed class ptrs, g1 gc, windows-amd64)
# No core dump will be written. Minidumps are not enabled by default on client versions of Windows
#

---------------  S U M M A R Y ------------

Command Line: -XX:TieredStopAtLevel=1 -Dspring.output.ansi.enabled=always -Dcom.sun.management.jmxremote -Dspring.jmx.enabled=true -Dspring.liveBeansView.mbeanDomain -Dspring.application.admin.enabled=true -Dmanagement.endpoints.jmx.exposure.include=* -javaagent:C:\Users\vuodo\AppData\Local\Programs\IntelliJ IDEA Ultimate\lib\idea_rt.jar=57807:C:\Users\vuodo\AppData\Local\Programs\IntelliJ IDEA Ultimate\bin -Dfile.encoding=UTF-8 com.example.searchengine.SearchEngineApplication

Host: 11th Gen Intel(R) Core(TM) i5-1135G7 @ 2.40GHz, 8 cores, 7G,  Windows 11 , 64 bit Build 22621 (10.0.22621.2191)
Time: Fri Aug 18 14:19:07 2023 SE Asia Standard Time elapsed time: 0.043673 seconds (0d 0h 0m 0s)

---------------  T H R E A D  ---------------

Current thread (0x0000021aa68184f0):  JavaThread "Unknown thread" [_thread_in_vm, id=13380, stack(0x0000004b30e00000,0x0000004b30f00000)]

Stack: [0x0000004b30e00000,0x0000004b30f00000]
Native frames: (J=compiled Java code, j=interpreted, Vv=VM code, C=native code)
V  [jvm.dll+0x64c9da]
V  [jvm.dll+0x800834]
V  [jvm.dll+0x801fee]
V  [jvm.dll+0x802643]
V  [jvm.dll+0x23715b]
V  [jvm.dll+0x64977a]
V  [jvm.dll+0x63e1ca]
V  [jvm.dll+0x2f5e99]
V  [jvm.dll+0x2fd096]
V  [jvm.dll+0x349b7a]
V  [jvm.dll+0x349dbf]
V  [jvm.dll+0x2cc0d8]
V  [jvm.dll+0x2cd069]
V  [jvm.dll+0x7d4491]
V  [jvm.dll+0x357051]
V  [jvm.dll+0x7b485e]
V  [jvm.dll+0x3d45f3]
V  [jvm.dll+0x3d6041]
C  [jli.dll+0x51bf]
C  [ucrtbase.dll+0x29363]
C  [KERNEL32.DLL+0x126ad]
C  [ntdll.dll+0x5aa78]


---------------  P R O C E S S  ---------------

Threads class SMR info:
_java_thread_list=0x00007ffd50fbf898, length=0, elements={
}

Java Threads: ( => current thread )

Other Threads:
  0x0000021aa6871b70 GCTaskThread "GC Thread#0" [stack: 0x0000004b30f00000,0x0000004b31000000] [id=12552]
  0x0000021aa6882280 ConcurrentGCThread "G1 Main Marker" [stack: 0x0000004b31000000,0x0000004b31100000] [id=20672]
  0x0000021aa6882c90 ConcurrentGCThread "G1 Conc#0" [stack: 0x0000004b31100000,0x0000004b31200000] [id=604]

[error occurred during error reporting (printing all threads), id 0xc0000005, EXCEPTION_ACCESS_VIOLATION (0xc0000005) at pc=0x00007ffd507ad377]

VM state: not at safepoint (not fully initialized)

VM Mutex/Monitor currently owned by a thread:  ([mutex/lock_event])
[0x0000021aa68132f0] Heap_lock - owner thread: 0x0000021aa68184f0

Heap address: 0x0000000084200000, size: 1982 MB, Compressed Oops mode: 32-bit

CDS archive(s) mapped at: [0x0000000000000000-0x0000000000000000-0x0000000000000000), size 0, SharedBaseAddress: 0x0000000800000000, ArchiveRelocationMode: 1.
Narrow klass base: 0x0000000000000000, Narrow klass shift: 0, Narrow klass range: 0x0

GC Precious Log:
<Empty>

Heap:
 garbage-first heap   total 0K, used 0K [0x0000000084200000, 0x0000000100000000)
  region size 1024K, 0 young (0K), 0 survivors (0K)

[error occurred during error reporting (printing heap information), id 0xc0000005, EXCEPTION_ACCESS_VIOLATION (0xc0000005) at pc=0x00007ffd50b74bd9]

GC Heap History (0 events):
No events

Dll operation events (1 events):
Event: 0.029 Loaded shared library C:\Users\vuodo\.jdks\corretto-17.0.8\bin\java.dll

Deoptimization events (0 events):
No events

Classes unloaded (0 events):
No events

Classes redefined (0 events):
No events

Internal exceptions (0 events):
No events

VM Operations (0 events):
No events

Events (0 events):
No events


Dynamic libraries:
0x00007ff7c2be0000 - 0x00007ff7c2bed000 	C:\Users\vuodo\.jdks\corretto-17.0.8\bin\java.exe
0x00007ffdc3af0000 - 0x00007ffdc3d05000 	C:\WINDOWS\SYSTEM32\ntdll.dll
0x00007ffdc3930000 - 0x00007ffdc39f4000 	C:\WINDOWS\System32\KERNEL32.DLL
0x00007ffdc10f0000 - 0x00007ffdc1495000 	C:\WINDOWS\System32\KERNELBASE.dll
0x00007ffdc1660000 - 0x00007ffdc1771000 	C:\WINDOWS\System32\ucrtbase.dll
0x00007ffd7f820000 - 0x00007ffd7f837000 	C:\Users\vuodo\.jdks\corretto-17.0.8\bin\jli.dll
0x00007ffd79e30000 - 0x00007ffd79e45000 	C:\Users\vuodo\.jdks\corretto-17.0.8\bin\VCRUNTIME140.dll
0x00007ffdc3500000 - 0x00007ffdc36ae000 	C:\WINDOWS\System32\USER32.dll
0x00007ffda1e40000 - 0x00007ffda20d3000 	C:\WINDOWS\WinSxS\amd64_microsoft.windows.common-controls_6595b64144ccf1df_6.0.22621.2191_none_2715cffb738043a6\COMCTL32.dll
0x00007ffdc1840000 - 0x00007ffdc1866000 	C:\WINDOWS\System32\win32u.dll
0x00007ffdc2ed0000 - 0x00007ffdc2f77000 	C:\WINDOWS\System32\msvcrt.dll
0x00007ffdc3a80000 - 0x00007ffdc3aa9000 	C:\WINDOWS\System32\GDI32.dll
0x00007ffdc14a0000 - 0x00007ffdc15b9000 	C:\WINDOWS\System32\gdi32full.dll
0x00007ffdc15c0000 - 0x00007ffdc165a000 	C:\WINDOWS\System32\msvcp_win.dll
0x00007ffdc2d30000 - 0x00007ffdc2d61000 	C:\WINDOWS\System32\IMM32.DLL
0x00007ffd79d90000 - 0x00007ffd79e2b000 	C:\Users\vuodo\.jdks\corretto-17.0.8\bin\msvcp140.dll
0x00007ffd504d0000 - 0x00007ffd510ed000 	C:\Users\vuodo\.jdks\corretto-17.0.8\bin\server\jvm.dll
0x00007ffdc36b0000 - 0x00007ffdc3760000 	C:\WINDOWS\System32\ADVAPI32.dll
0x00007ffdc33f0000 - 0x00007ffdc3496000 	C:\WINDOWS\System32\sechost.dll
0x00007ffdc3760000 - 0x00007ffdc3877000 	C:\WINDOWS\System32\RPCRT4.dll
0x00007ffdc0d60000 - 0x00007ffdc0dad000 	C:\WINDOWS\SYSTEM32\POWRPROF.dll
0x00007ffda3bc0000 - 0x00007ffda3bc9000 	C:\WINDOWS\SYSTEM32\WSOCK32.dll
0x00007ffdc2ca0000 - 0x00007ffdc2d11000 	C:\WINDOWS\System32\WS2_32.dll
0x00007ffdb93e0000 - 0x00007ffdb9414000 	C:\WINDOWS\SYSTEM32\WINMM.dll
0x00007ffdb9290000 - 0x00007ffdb929a000 	C:\WINDOWS\SYSTEM32\VERSION.dll
0x00007ffdc0d40000 - 0x00007ffdc0d53000 	C:\WINDOWS\SYSTEM32\UMPDC.dll
0x00007ffdbfe30000 - 0x00007ffdbfe48000 	C:\WINDOWS\SYSTEM32\kernel.appcore.dll
0x00007ffd9be60000 - 0x00007ffd9be6a000 	C:\Users\vuodo\.jdks\corretto-17.0.8\bin\jimage.dll
0x00007ffdbe520000 - 0x00007ffdbe74e000 	C:\WINDOWS\SYSTEM32\DBGHELP.DLL
0x00007ffdc2f80000 - 0x00007ffdc330a000 	C:\WINDOWS\System32\combase.dll
0x00007ffdc29f0000 - 0x00007ffdc2ac7000 	C:\WINDOWS\System32\OLEAUT32.dll
0x00007ffdb48a0000 - 0x00007ffdb48d2000 	C:\WINDOWS\SYSTEM32\dbgcore.DLL
0x00007ffdc0f00000 - 0x00007ffdc0f7a000 	C:\WINDOWS\System32\bcryptPrimitives.dll
0x00007ffdba4f0000 - 0x00007ffdba4fe000 	C:\Users\vuodo\.jdks\corretto-17.0.8\bin\instrument.dll
0x00007ffd794d0000 - 0x00007ffd794f5000 	C:\Users\vuodo\.jdks\corretto-17.0.8\bin\java.dll

dbghelp: loaded successfully - version: 4.0.5 - missing functions: none
symbol engine: initialized successfully - sym options: 0x614 - pdb path: .;C:\Users\vuodo\.jdks\corretto-17.0.8\bin;C:\WINDOWS\SYSTEM32;C:\WINDOWS\WinSxS\amd64_microsoft.windows.common-controls_6595b64144ccf1df_6.0.22621.2191_none_2715cffb738043a6;C:\Users\vuodo\.jdks\corretto-17.0.8\bin\server

VM Arguments:
jvm_args: -XX:TieredStopAtLevel=1 -Dspring.output.ansi.enabled=always -Dcom.sun.management.jmxremote -Dspring.jmx.enabled=true -Dspring.liveBeansView.mbeanDomain -Dspring.application.admin.enabled=true -Dmanagement.endpoints.jmx.exposure.include=* -javaagent:C:\Users\vuodo\AppData\Local\Programs\IntelliJ IDEA Ultimate\lib\idea_rt.jar=57807:C:\Users\vuodo\AppData\Local\Programs\IntelliJ IDEA Ultimate\bin -Dfile.encoding=UTF-8 
java_command: com.example.searchengine.SearchEngineApplication
java_class_path (initial): D:\Java\search-engine\target\classes;C:\Users\vuodo\.m2\repository\org\springframework\boot\spring-boot-starter-data-elasticsearch\3.1.2\spring-boot-starter-data-elasticsearch-3.1.2.jar;C:\Users\vuodo\.m2\repository\org\springframework\boot\spring-boot-starter\3.1.2\spring-boot-starter-3.1.2.jar;C:\Users\vuodo\.m2\repository\org\springframework\boot\spring-boot\3.1.2\spring-boot-3.1.2.jar;C:\Users\vuodo\.m2\repository\org\springframework\boot\spring-boot-autoconfigure\3.1.2\spring-boot-autoconfigure-3.1.2.jar;C:\Users\vuodo\.m2\repository\org\springframework\boot\spring-boot-starter-logging\3.1.2\spring-boot-starter-logging-3.1.2.jar;C:\Users\vuodo\.m2\repository\ch\qos\logback\logback-classic\1.4.8\logback-classic-1.4.8.jar;C:\Users\vuodo\.m2\repository\ch\qos\logback\logback-core\1.4.8\logback-core-1.4.8.jar;C:\Users\vuodo\.m2\repository\org\apache\logging\log4j\log4j-to-slf4j\2.20.0\log4j-to-slf4j-2.20.0.jar;C:\Users\vuodo\.m2\repository\org\apache\logging\log4j\log4j-api\2.20.0\log4j-api-2.20.0.jar;C:\Users\vuodo\.m2\repository\org\slf4j\jul-to-slf4j\2.0.7\jul-to-slf4j-2.0.7.jar;C:\Users\vuodo\.m2\repository\jakarta\annotation\jakarta.annotation-api\2.1.1\jakarta.annotation-api-2.1.1.jar;C:\Users\vuodo\.m2\repository\org\yaml\snakeyaml\1.33\snakeyaml-1.33.jar;C:\Users\vuodo\.m2\repository\org\springframework\data\spring-data-elasticsearch\5.1.2\spring-data-elasticsearch-5.1.2.jar;C:\Users\vuodo\.m2\repository\org\springframework\spring-context\6.0.11\spring-context-6.0.11.jar;C:\Users\vuodo\.m2\repository\org\springframework\spring-tx\6.0.11\spring-tx-6.0.11.jar;C:\Users\vuodo\.m2\repository\org\springframework\data\spring-data-commons\3.1.2\spring-data-commons-3.1.2.jar;C:\Users\vuodo\.m2\repository\co\elastic\clients\elasticsearch-java\8.7.1\elasticsearch-java-8.7.1.jar;C:\Users\vuodo\.m2\repository\com\google\code\findbugs\jsr305\3.0.2\jsr305-3.0.2.jar;C:\Users\vuodo\.m2\repository\jakarta\json\jakarta.json-api\2.1.2\jakarta.json-
Launcher Type: SUN_STANDARD

[Global flags]
     intx CICompilerCount                          = 4                                         {product} {ergonomic}
     uint ConcGCThreads                            = 2                                         {product} {ergonomic}
     uint G1ConcRefinementThreads                  = 8                                         {product} {ergonomic}
   size_t G1HeapRegionSize                         = 1048576                                   {product} {ergonomic}
    uintx GCDrainStackTargetSize                   = 64                                        {product} {ergonomic}
   size_t InitialHeapSize                          = 130023424                                 {product} {ergonomic}
     bool ManagementServer                         = true                                      {product} {command line}
   size_t MarkStackSize                            = 4194304                                   {product} {ergonomic}
   size_t MaxHeapSize                              = 2078277632                                {product} {ergonomic}
   size_t MinHeapDeltaBytes                        = 1048576                                   {product} {ergonomic}
   size_t MinHeapSize                              = 8388608                                   {product} {ergonomic}
    uintx NonProfiledCodeHeapSize                  = 0                                      {pd product} {ergonomic}
     bool ProfileInterpreter                       = false                                  {pd product} {command line}
    uintx ProfiledCodeHeapSize                     = 0                                      {pd product} {ergonomic}
   size_t SoftMaxHeapSize                          = 2078277632                             {manageable} {ergonomic}
     intx TieredStopAtLevel                        = 1                                         {product} {command line}
     bool UseCompressedClassPointers               = true                           {product lp64_product} {ergonomic}
     bool UseCompressedOops                        = true                           {product lp64_product} {ergonomic}
     bool UseG1GC                                  = true                                      {product} {ergonomic}
     bool UseLargePagesIndividualAllocation        = false                                  {pd product} {ergonomic}

Logging:
Log output configuration:
 #0: stdout all=warning uptime,level,tags
 #1: stderr all=off uptime,level,tags

Environment Variables:
JAVA_HOME=C:\Users\vuodo\.jdks\corretto-17.0.8
PATH=C:\app\oracle_db_home\bin;C:\app\vuodo\product\21c\dbhomeXE\bin;C:\WINDOWS\system32;C:\WINDOWS;C:\WINDOWS\System32\Wbem;C:\WINDOWS\System32\WindowsPowerShell\v1.0\;C:\WINDOWS\System32\OpenSSH\;C:\Program Files\dotnet\;C:\Program Files\MongoDB\Server\6.0\bin;C:\Program Files\nodejs\;C:\ProgramData\chocolatey\bin;C:\Program Files\Git\cmd;C:\Program Files\PowerShell\7\;C:\Program Files\apache-maven-3.9.3;%JAVA_HOME%bin;C:\Program Files\RedHat\Podman\;C:\Program Files\Docker\Docker\resources\bin;C:\Program Files\MySQL\MySQL Shell 8.0\bin\;C:\Users\vuodo\AppData\Local\Microsoft\WindowsApps;C:\Users\vuodo\AppData\Local\Programs\Microsoft VS Code\bin;C:\Users\vuodo\AppData\Local\JetBrains\Toolbox\scripts;C:\Users\vuodo\AppData\Local\Microsoft\WindowsApps;C:\Program Files\MySQL\MySQL Server 8.0\bin;C:\Users\vuodo\AppData\Roaming\npm;C:\Users\vuodo\AppData\Local\Programs\oh-my-posh\bin;C:\Users\vuodo\.jdks\openjdk-20.0.1\bin
USERNAME=vuodo
OS=Windows_NT
PROCESSOR_IDENTIFIER=Intel64 Family 6 Model 140 Stepping 1, GenuineIntel
TMP=C:\Users\vuodo\AppData\Local\Temp
TEMP=C:\Users\vuodo\AppData\Local\Temp



---------------  S Y S T E M  ---------------

OS:
 Windows 11 , 64 bit Build 22621 (10.0.22621.2191)
OS uptime: 0 days 21:04 hours
Hyper-V role detected

CPU: total 8 (initial active 8) (4 cores per cpu, 2 threads per core) family 6 model 140 stepping 1 microcode 0xac, cx8, cmov, fxsr, ht, mmx, 3dnowpref, sse, sse2, sse3, ssse3, sse4.1, sse4.2, popcnt, lzcnt, tsc, tscinvbit, avx, avx2, aes, erms, clmul, bmi1, bmi2, adx, avx512f, avx512dq, avx512cd, avx512bw, avx512vl, sha, fma, vzeroupper, avx512_vpopcntdq, avx512_vpclmulqdq, avx512_vaes, avx512_vnni, clflush, clflushopt, clwb, avx512_vbmi2, avx512_vbmi, hv
Processor Information for all 8 processors :
  Max Mhz: 2419, Current Mhz: 2419, Mhz Limit: 2419

Memory: 4k page, system-wide physical 7926M (1309M free)
TotalPageFile size 20214M (AvailPageFile size 79M)
current process WorkingSet (physical memory assigned to process): 12M, peak: 12M
current process commit charge ("private bytes"): 55M, peak: 179M

vm_info: OpenJDK 64-Bit Server VM (17.0.8+7-LTS) for windows-amd64 JRE (17.0.8+7-LTS), built on Jul 10 2023 20:26:03 by "Administrator" with MS VC++ 15.9 (VS2017)

END.
