#
# There is insufficient memory for the Java Runtime Environment to continue.
# Native memory allocation (mmap) failed to map 65536 bytes for Failed to commit metaspace.
# Possible reasons:
#   The system is out of physical RAM or swap space
#   The process is running with CompressedOops enabled, and the Java Heap may be blocking the growth of the native heap
# Possible solutions:
#   Reduce memory load on the system
#   Increase physical memory or swap space
#   Check if swap backing store is full
#   Decrease Java heap size (-Xmx/-Xms)
#   Decrease number of Java threads
#   Decrease Java thread stack sizes (-Xss)
#   Set larger code cache with -XX:ReservedCodeCacheSize=
#   JVM is running with Unscaled Compressed Oops mode in which the Java heap is
#     placed in the first 4GB address space. The Java Heap base address is the
#     maximum limit for the native heap growth. Please use -XX:HeapBaseMinAddress
#     to set the Java Heap base and to place the Java Heap above 4GB virtual address.
# This output file may be truncated or incomplete.
#
#  Out of Memory Error (virtualSpaceNode.cpp:110), pid=22312, tid=15852
#
# JRE version: OpenJDK Runtime Environment Corretto-17.0.8.7.1 (17.0.8+7) (build 17.0.8+7-LTS)
# Java VM: OpenJDK 64-Bit Server VM Corretto-17.0.8.7.1 (17.0.8+7-LTS, mixed mode, emulated-client, sharing, tiered, compressed oops, compressed class ptrs, g1 gc, windows-amd64)
# No core dump will be written. Minidumps are not enabled by default on client versions of Windows
#

---------------  S U M M A R Y ------------

Command Line: -XX:TieredStopAtLevel=1 -Dspring.output.ansi.enabled=always -Dcom.sun.management.jmxremote -Dspring.jmx.enabled=true -Dspring.liveBeansView.mbeanDomain -Dspring.application.admin.enabled=true -Dmanagement.endpoints.jmx.exposure.include=* -javaagent:C:\Users\vuodo\AppData\Local\Programs\IntelliJ IDEA Ultimate\lib\idea_rt.jar=57859:C:\Users\vuodo\AppData\Local\Programs\IntelliJ IDEA Ultimate\bin -Dfile.encoding=UTF-8 com.example.searchengine.SearchEngineApplication

Host: 11th Gen Intel(R) Core(TM) i5-1135G7 @ 2.40GHz, 8 cores, 7G,  Windows 11 , 64 bit Build 22621 (10.0.22621.2191)
Time: Fri Aug 18 14:19:27 2023 SE Asia Standard Time elapsed time: 2.271716 seconds (0d 0h 0m 2s)

---------------  T H R E A D  ---------------

Current thread (0x0000025e47dbe9c0):  JavaThread "background-preinit" [_thread_in_vm, id=15852, stack(0x000000cc38a00000,0x000000cc38b00000)]

Stack: [0x000000cc38a00000,0x000000cc38b00000]
Native frames: (J=compiled Java code, j=interpreted, Vv=VM code, C=native code)
V  [jvm.dll+0x64c9da]
V  [jvm.dll+0x800834]
V  [jvm.dll+0x801fee]
V  [jvm.dll+0x802643]
V  [jvm.dll+0x23715b]
V  [jvm.dll+0x7fc8fb]
V  [jvm.dll+0x5f3916]
V  [jvm.dll+0x1b61be]
V  [jvm.dll+0x5f6164]
V  [jvm.dll+0x5f42cd]
V  [jvm.dll+0x22cd23]
V  [jvm.dll+0x1df00e]
V  [jvm.dll+0x1d5179]
V  [jvm.dll+0x51ac20]
V  [jvm.dll+0x77ec6c]
V  [jvm.dll+0x77ed54]
V  [jvm.dll+0x3f3db5]
V  [jvm.dll+0x3f9a21]
C  [java.dll+0x17ec]

Java frames: (J=compiled Java code, j=interpreted, Vv=VM code)
J 1084  java.lang.ClassLoader.defineClass1(Ljava/lang/ClassLoader;Ljava/lang/String;[BIILjava/security/ProtectionDomain;Ljava/lang/String;)Ljava/lang/Class; java.base@17.0.8 (0 bytes) @ 0x0000025e77df92e3 [0x0000025e77df9220+0x00000000000000c3]
J 1168 c1 java.lang.ClassLoader.defineClass(Ljava/lang/String;[BIILjava/security/ProtectionDomain;)Ljava/lang/Class; java.base@17.0.8 (43 bytes) @ 0x0000025e77e1bbdc [0x0000025e77e1bae0+0x00000000000000fc]
J 1090 c1 jdk.internal.loader.BuiltinClassLoader.defineClass(Ljava/lang/String;Ljdk/internal/loader/Resource;)Ljava/lang/Class; java.base@17.0.8 (121 bytes) @ 0x0000025e77e03264 [0x0000025e77e02da0+0x00000000000004c4]
J 1085 c1 jdk.internal.loader.BuiltinClassLoader.findClassOnClassPathOrNull(Ljava/lang/String;)Ljava/lang/Class; java.base@17.0.8 (64 bytes) @ 0x0000025e77dff0dc [0x0000025e77dfee20+0x00000000000002bc]
J 893 c1 jdk.internal.loader.BuiltinClassLoader.loadClassOrNull(Ljava/lang/String;Z)Ljava/lang/Class; java.base@17.0.8 (143 bytes) @ 0x0000025e77da215c [0x0000025e77da1d00+0x000000000000045c]
J 969 c1 jdk.internal.loader.ClassLoaders$AppClassLoader.loadClass(Ljava/lang/String;Z)Ljava/lang/Class; java.base@17.0.8 (40 bytes) @ 0x0000025e77dcc0a4 [0x0000025e77dcbf60+0x0000000000000144]
J 968 c1 java.lang.ClassLoader.loadClass(Ljava/lang/String;)Ljava/lang/Class; java.base@17.0.8 (7 bytes) @ 0x0000025e77dcb4e4 [0x0000025e77dcb4a0+0x0000000000000044]
v  ~StubRoutines::call_stub
J 1084  java.lang.ClassLoader.defineClass1(Ljava/lang/ClassLoader;Ljava/lang/String;[BIILjava/security/ProtectionDomain;Ljava/lang/String;)Ljava/lang/Class; java.base@17.0.8 (0 bytes) @ 0x0000025e77df92e3 [0x0000025e77df9220+0x00000000000000c3]
J 1168 c1 java.lang.ClassLoader.defineClass(Ljava/lang/String;[BIILjava/security/ProtectionDomain;)Ljava/lang/Class; java.base@17.0.8 (43 bytes) @ 0x0000025e77e1bbdc [0x0000025e77e1bae0+0x00000000000000fc]
J 1090 c1 jdk.internal.loader.BuiltinClassLoader.defineClass(Ljava/lang/String;Ljdk/internal/loader/Resource;)Ljava/lang/Class; java.base@17.0.8 (121 bytes) @ 0x0000025e77e03264 [0x0000025e77e02da0+0x00000000000004c4]
J 1085 c1 jdk.internal.loader.BuiltinClassLoader.findClassOnClassPathOrNull(Ljava/lang/String;)Ljava/lang/Class; java.base@17.0.8 (64 bytes) @ 0x0000025e77dff0dc [0x0000025e77dfee20+0x00000000000002bc]
J 893 c1 jdk.internal.loader.BuiltinClassLoader.loadClassOrNull(Ljava/lang/String;Z)Ljava/lang/Class; java.base@17.0.8 (143 bytes) @ 0x0000025e77da215c [0x0000025e77da1d00+0x000000000000045c]
J 969 c1 jdk.internal.loader.ClassLoaders$AppClassLoader.loadClass(Ljava/lang/String;Z)Ljava/lang/Class; java.base@17.0.8 (40 bytes) @ 0x0000025e77dcc0a4 [0x0000025e77dcbf60+0x0000000000000144]
J 968 c1 java.lang.ClassLoader.loadClass(Ljava/lang/String;)Ljava/lang/Class; java.base@17.0.8 (7 bytes) @ 0x0000025e77dcb4e4 [0x0000025e77dcb4a0+0x0000000000000044]
v  ~StubRoutines::call_stub
j  com.fasterxml.jackson.databind.ObjectMapper.<init>(Lcom/fasterxml/jackson/core/JsonFactory;Lcom/fasterxml/jackson/databind/ser/DefaultSerializerProvider;Lcom/fasterxml/jackson/databind/deser/DefaultDeserializationContext;)V+274
j  com.fasterxml.jackson.databind.ObjectMapper.<init>()V+4
j  org.springframework.http.converter.json.Jackson2ObjectMapperBuilder.build()Lcom/fasterxml/jackson/databind/ObjectMapper;+81
j  org.springframework.http.converter.json.MappingJackson2HttpMessageConverter.<init>()V+4
j  org.springframework.http.converter.support.AllEncompassingFormHttpMessageConverter.<init>()V+55
j  org.springframework.boot.autoconfigure.BackgroundPreinitializer$MessageConverterInitializer.run()V+4
j  org.springframework.boot.autoconfigure.BackgroundPreinitializer$1.runSafely(Ljava/lang/Runnable;)Z+1
j  org.springframework.boot.autoconfigure.BackgroundPreinitializer$1.run()V+32
j  java.lang.Thread.run()V+11 java.base@17.0.8
v  ~StubRoutines::call_stub

---------------  P R O C E S S  ---------------

Threads class SMR info:
_java_thread_list=0x0000025e47fcb7e0, length=19, elements={
0x0000025e6ff4e100, 0x0000025e7ff09630, 0x0000025e7ff0e110, 0x0000025e7ff271f0,
0x0000025e7ff27bb0, 0x0000025e7ff28570, 0x0000025e7ff2bf50, 0x0000025e7ff2c910,
0x0000025e7ff2e660, 0x0000025e7fef5050, 0x0000025e471c2130, 0x0000025e471c4660,
0x0000025e47479050, 0x0000025e47479530, 0x0000025e47979020, 0x0000025e47dbe9c0,
0x0000025e47f8e0d0, 0x0000025e47f5c450, 0x0000025e47fd1d70
}

Java Threads: ( => current thread )
  0x0000025e6ff4e100 JavaThread "main" [_thread_in_vm, id=18848, stack(0x000000cc36d00000,0x000000cc36e00000)]
  0x0000025e7ff09630 JavaThread "Reference Handler" daemon [_thread_blocked, id=11560, stack(0x000000cc37400000,0x000000cc37500000)]
  0x0000025e7ff0e110 JavaThread "Finalizer" daemon [_thread_blocked, id=9252, stack(0x000000cc37500000,0x000000cc37600000)]
  0x0000025e7ff271f0 JavaThread "Signal Dispatcher" daemon [_thread_blocked, id=22320, stack(0x000000cc37600000,0x000000cc37700000)]
  0x0000025e7ff27bb0 JavaThread "Attach Listener" daemon [_thread_blocked, id=5908, stack(0x000000cc37700000,0x000000cc37800000)]
  0x0000025e7ff28570 JavaThread "Service Thread" daemon [_thread_blocked, id=18164, stack(0x000000cc37800000,0x000000cc37900000)]
  0x0000025e7ff2bf50 JavaThread "Monitor Deflation Thread" daemon [_thread_blocked, id=13336, stack(0x000000cc37900000,0x000000cc37a00000)]
  0x0000025e7ff2c910 JavaThread "C1 CompilerThread0" daemon [_thread_blocked, id=22216, stack(0x000000cc37a00000,0x000000cc37b00000)]
  0x0000025e7ff2e660 JavaThread "Sweeper thread" daemon [_thread_blocked, id=8704, stack(0x000000cc37b00000,0x000000cc37c00000)]
  0x0000025e7fef5050 JavaThread "Common-Cleaner" daemon [_thread_blocked, id=1328, stack(0x000000cc37c00000,0x000000cc37d00000)]
  0x0000025e471c2130 JavaThread "C1 CompilerThread1" daemon [_thread_blocked, id=12360, stack(0x000000cc37d00000,0x000000cc37e00000)]
  0x0000025e471c4660 JavaThread "C1 CompilerThread2" daemon [_thread_blocked, id=17224, stack(0x000000cc37e00000,0x000000cc37f00000)]
  0x0000025e47479050 JavaThread "Monitor Ctrl-Break" daemon [_thread_in_native, id=15640, stack(0x000000cc37f00000,0x000000cc38000000)]
  0x0000025e47479530 JavaThread "Notification Thread" daemon [_thread_blocked, id=17308, stack(0x000000cc38000000,0x000000cc38100000)]
  0x0000025e47979020 JavaThread "RMI TCP Accept-0" daemon [_thread_in_native, id=19332, stack(0x000000cc38100000,0x000000cc38200000)]
=>0x0000025e47dbe9c0 JavaThread "background-preinit" [_thread_in_vm, id=15852, stack(0x000000cc38a00000,0x000000cc38b00000)]
  0x0000025e47f8e0d0 JavaThread "RMI TCP Connection(1)-172.16.13.129" daemon [_thread_in_native, id=10316, stack(0x000000cc38b00000,0x000000cc38c00000)]
  0x0000025e47f5c450 JavaThread "C1 CompilerThread3" daemon [_thread_blocked, id=16136, stack(0x000000cc38c00000,0x000000cc38d00000)]
  0x0000025e47fd1d70 JavaThread "RMI Scheduler(0)" daemon [_thread_blocked, id=20200, stack(0x000000cc38d00000,0x000000cc38e00000)]

Other Threads:
  0x0000025e7ff04b80 VMThread "VM Thread" [stack: 0x000000cc37300000,0x000000cc37400000] [id=1036]
  0x0000025e4790cc10 WatcherThread [stack: 0x000000cc38200000,0x000000cc38300000] [id=21520]
  0x0000025e6ffa75a0 GCTaskThread "GC Thread#0" [stack: 0x000000cc36e00000,0x000000cc36f00000] [id=2164]
  0x0000025e47d3a600 GCTaskThread "GC Thread#1" [stack: 0x000000cc38300000,0x000000cc38400000] [id=20724]
  0x0000025e47d22e60 GCTaskThread "GC Thread#2" [stack: 0x000000cc38400000,0x000000cc38500000] [id=18580]
  0x0000025e47d4cda0 GCTaskThread "GC Thread#3" [stack: 0x000000cc38500000,0x000000cc38600000] [id=3724]
  0x0000025e47d4d060 GCTaskThread "GC Thread#4" [stack: 0x000000cc38600000,0x000000cc38700000] [id=17980]
  0x0000025e47d4d320 GCTaskThread "GC Thread#5" [stack: 0x000000cc38700000,0x000000cc38800000] [id=13764]
  0x0000025e47d4d5e0 GCTaskThread "GC Thread#6" [stack: 0x000000cc38800000,0x000000cc38900000] [id=19404]
  0x0000025e47fda180 GCTaskThread "GC Thread#7" [stack: 0x000000cc38e00000,0x000000cc38f00000] [id=8600]
  0x0000025e6de0ddb0 ConcurrentGCThread "G1 Main Marker" [stack: 0x000000cc36f00000,0x000000cc37000000] [id=8520]
  0x0000025e6ffb4010 ConcurrentGCThread "G1 Conc#0" [stack: 0x000000cc37000000,0x000000cc37100000] [id=18480]
  0x0000025e7fdb24c0 ConcurrentGCThread "G1 Refine#0" [stack: 0x000000cc37100000,0x000000cc37200000] [id=10748]
  0x0000025e4789e910 ConcurrentGCThread "G1 Refine#1" [stack: 0x000000cc38900000,0x000000cc38a00000] [id=21712]
  0x0000025e7fdb2ef0 ConcurrentGCThread "G1 Service" [stack: 0x000000cc37200000,0x000000cc37300000] [id=10684]

Threads with active compile tasks:

VM state: not at safepoint (normal execution)

VM Mutex/Monitor currently owned by a thread:  ([mutex/lock_event])
[0x0000025e6ff48560] Metaspace_lock - owner thread: 0x0000025e47dbe9c0

Heap address: 0x0000000084200000, size: 1982 MB, Compressed Oops mode: 32-bit

CDS archive(s) mapped at: [0x0000025e02000000-0x0000025e02bd0000-0x0000025e02bd0000), size 12386304, SharedBaseAddress: 0x0000025e02000000, ArchiveRelocationMode: 1.
Compressed class space mapped at: 0x0000025e03000000-0x0000025e43000000, reserved size: 1073741824
Narrow klass base: 0x0000025e02000000, Narrow klass shift: 0, Narrow klass range: 0x100000000

GC Precious Log:
 CPUs: 8 total, 8 available
 Memory: 7926M
 Large Page Support: Disabled
 NUMA Support: Disabled
 Compressed Oops: Enabled (32-bit)
 Heap Region Size: 1M
 Heap Min Capacity: 8M
 Heap Initial Capacity: 124M
 Heap Max Capacity: 1982M
 Pre-touch: Disabled
 Parallel Workers: 8
 Concurrent Workers: 2
 Concurrent Refinement Workers: 8
 Periodic GC: Disabled

Heap:
 garbage-first heap   total 126976K, used 16240K [0x0000000084200000, 0x0000000100000000)
  region size 1024K, 11 young (11264K), 3 survivors (3072K)
 Metaspace       used 15524K, committed 15744K, reserved 1114112K
  class space    used 2049K, committed 2176K, reserved 1048576K

Heap Regions: E=young(eden), S=young(survivor), O=old, HS=humongous(starts), HC=humongous(continues), CS=collection set, F=free, OA=open archive, CA=closed archive, TAMS=top-at-mark-start (previous, next)
|   0|0x0000000084200000, 0x0000000084300000, 0x0000000084300000|100%|HS|  |TAMS 0x0000000084200000, 0x0000000084200000| Complete 
|   1|0x0000000084300000, 0x0000000084400000, 0x0000000084400000|100%| O|  |TAMS 0x0000000084300000, 0x0000000084300000| Untracked 
|   2|0x0000000084400000, 0x0000000084500000, 0x0000000084500000|100%| O|  |TAMS 0x0000000084400000, 0x0000000084400000| Untracked 
|   3|0x0000000084500000, 0x0000000084600000, 0x0000000084600000|100%| O|  |TAMS 0x0000000084500000, 0x0000000084500000| Untracked 
|   4|0x0000000084600000, 0x0000000084700000, 0x0000000084700000|100%| O|  |TAMS 0x0000000084600000, 0x0000000084600000| Untracked 
|   5|0x0000000084700000, 0x0000000084800000, 0x0000000084800000|100%| O|  |TAMS 0x0000000084700000, 0x0000000084700000| Untracked 
|   6|0x0000000084800000, 0x000000008487bc00, 0x0000000084900000| 48%| O|  |TAMS 0x0000000084800000, 0x0000000084800000| Untracked 
|   7|0x0000000084900000, 0x0000000084900000, 0x0000000084a00000|  0%| F|  |TAMS 0x0000000084900000, 0x0000000084900000| Untracked 
|   8|0x0000000084a00000, 0x0000000084a00000, 0x0000000084b00000|  0%| F|  |TAMS 0x0000000084a00000, 0x0000000084a00000| Untracked 
|   9|0x0000000084b00000, 0x0000000084b00000, 0x0000000084c00000|  0%| F|  |TAMS 0x0000000084b00000, 0x0000000084b00000| Untracked 
|  10|0x0000000084c00000, 0x0000000084c00000, 0x0000000084d00000|  0%| F|  |TAMS 0x0000000084c00000, 0x0000000084c00000| Untracked 
|  11|0x0000000084d00000, 0x0000000084d00000, 0x0000000084e00000|  0%| F|  |TAMS 0x0000000084d00000, 0x0000000084d00000| Untracked 
|  12|0x0000000084e00000, 0x0000000084e00000, 0x0000000084f00000|  0%| F|  |TAMS 0x0000000084e00000, 0x0000000084e00000| Untracked 
|  13|0x0000000084f00000, 0x0000000084f00000, 0x0000000085000000|  0%| F|  |TAMS 0x0000000084f00000, 0x0000000084f00000| Untracked 
|  14|0x0000000085000000, 0x0000000085000000, 0x0000000085100000|  0%| F|  |TAMS 0x0000000085000000, 0x0000000085000000| Untracked 
|  15|0x0000000085100000, 0x0000000085100000, 0x0000000085200000|  0%| F|  |TAMS 0x0000000085100000, 0x0000000085100000| Untracked 
|  16|0x0000000085200000, 0x0000000085200000, 0x0000000085300000|  0%| F|  |TAMS 0x0000000085200000, 0x0000000085200000| Untracked 
|  17|0x0000000085300000, 0x0000000085300000, 0x0000000085400000|  0%| F|  |TAMS 0x0000000085300000, 0x0000000085300000| Untracked 
|  18|0x0000000085400000, 0x0000000085400000, 0x0000000085500000|  0%| F|  |TAMS 0x0000000085400000, 0x0000000085400000| Untracked 
|  19|0x0000000085500000, 0x0000000085500000, 0x0000000085600000|  0%| F|  |TAMS 0x0000000085500000, 0x0000000085500000| Untracked 
|  20|0x0000000085600000, 0x0000000085600000, 0x0000000085700000|  0%| F|  |TAMS 0x0000000085600000, 0x0000000085600000| Untracked 
|  21|0x0000000085700000, 0x0000000085700000, 0x0000000085800000|  0%| F|  |TAMS 0x0000000085700000, 0x0000000085700000| Untracked 
|  22|0x0000000085800000, 0x0000000085800000, 0x0000000085900000|  0%| F|  |TAMS 0x0000000085800000, 0x0000000085800000| Untracked 
|  23|0x0000000085900000, 0x0000000085900000, 0x0000000085a00000|  0%| F|  |TAMS 0x0000000085900000, 0x0000000085900000| Untracked 
|  24|0x0000000085a00000, 0x0000000085a00000, 0x0000000085b00000|  0%| F|  |TAMS 0x0000000085a00000, 0x0000000085a00000| Untracked 
|  25|0x0000000085b00000, 0x0000000085b00000, 0x0000000085c00000|  0%| F|  |TAMS 0x0000000085b00000, 0x0000000085b00000| Untracked 
|  26|0x0000000085c00000, 0x0000000085c00000, 0x0000000085d00000|  0%| F|  |TAMS 0x0000000085c00000, 0x0000000085c00000| Untracked 
|  27|0x0000000085d00000, 0x0000000085d00000, 0x0000000085e00000|  0%| F|  |TAMS 0x0000000085d00000, 0x0000000085d00000| Untracked 
|  28|0x0000000085e00000, 0x0000000085e00000, 0x0000000085f00000|  0%| F|  |TAMS 0x0000000085e00000, 0x0000000085e00000| Untracked 
|  29|0x0000000085f00000, 0x0000000085f00000, 0x0000000086000000|  0%| F|  |TAMS 0x0000000085f00000, 0x0000000085f00000| Untracked 
|  30|0x0000000086000000, 0x0000000086000000, 0x0000000086100000|  0%| F|  |TAMS 0x0000000086000000, 0x0000000086000000| Untracked 
|  31|0x0000000086100000, 0x0000000086100000, 0x0000000086200000|  0%| F|  |TAMS 0x0000000086100000, 0x0000000086100000| Untracked 
|  32|0x0000000086200000, 0x0000000086200000, 0x0000000086300000|  0%| F|  |TAMS 0x0000000086200000, 0x0000000086200000| Untracked 
|  33|0x0000000086300000, 0x0000000086300000, 0x0000000086400000|  0%| F|  |TAMS 0x0000000086300000, 0x0000000086300000| Untracked 
|  34|0x0000000086400000, 0x0000000086400000, 0x0000000086500000|  0%| F|  |TAMS 0x0000000086400000, 0x0000000086400000| Untracked 
|  35|0x0000000086500000, 0x0000000086500000, 0x0000000086600000|  0%| F|  |TAMS 0x0000000086500000, 0x0000000086500000| Untracked 
|  36|0x0000000086600000, 0x0000000086600000, 0x0000000086700000|  0%| F|  |TAMS 0x0000000086600000, 0x0000000086600000| Untracked 
|  37|0x0000000086700000, 0x0000000086700000, 0x0000000086800000|  0%| F|  |TAMS 0x0000000086700000, 0x0000000086700000| Untracked 
|  38|0x0000000086800000, 0x0000000086800000, 0x0000000086900000|  0%| F|  |TAMS 0x0000000086800000, 0x0000000086800000| Untracked 
|  39|0x0000000086900000, 0x0000000086900000, 0x0000000086a00000|  0%| F|  |TAMS 0x0000000086900000, 0x0000000086900000| Untracked 
|  40|0x0000000086a00000, 0x0000000086a00000, 0x0000000086b00000|  0%| F|  |TAMS 0x0000000086a00000, 0x0000000086a00000| Untracked 
|  41|0x0000000086b00000, 0x0000000086b00000, 0x0000000086c00000|  0%| F|  |TAMS 0x0000000086b00000, 0x0000000086b00000| Untracked 
|  42|0x0000000086c00000, 0x0000000086c00000, 0x0000000086d00000|  0%| F|  |TAMS 0x0000000086c00000, 0x0000000086c00000| Untracked 
|  43|0x0000000086d00000, 0x0000000086d00000, 0x0000000086e00000|  0%| F|  |TAMS 0x0000000086d00000, 0x0000000086d00000| Untracked 
|  44|0x0000000086e00000, 0x0000000086e00000, 0x0000000086f00000|  0%| F|  |TAMS 0x0000000086e00000, 0x0000000086e00000| Untracked 
|  45|0x0000000086f00000, 0x0000000086f00000, 0x0000000087000000|  0%| F|  |TAMS 0x0000000086f00000, 0x0000000086f00000| Untracked 
|  46|0x0000000087000000, 0x0000000087000000, 0x0000000087100000|  0%| F|  |TAMS 0x0000000087000000, 0x0000000087000000| Untracked 
|  47|0x0000000087100000, 0x0000000087100000, 0x0000000087200000|  0%| F|  |TAMS 0x0000000087100000, 0x0000000087100000| Untracked 
|  48|0x0000000087200000, 0x0000000087200000, 0x0000000087300000|  0%| F|  |TAMS 0x0000000087200000, 0x0000000087200000| Untracked 
|  49|0x0000000087300000, 0x0000000087300000, 0x0000000087400000|  0%| F|  |TAMS 0x0000000087300000, 0x0000000087300000| Untracked 
|  50|0x0000000087400000, 0x0000000087400000, 0x0000000087500000|  0%| F|  |TAMS 0x0000000087400000, 0x0000000087400000| Untracked 
|  51|0x0000000087500000, 0x0000000087500000, 0x0000000087600000|  0%| F|  |TAMS 0x0000000087500000, 0x0000000087500000| Untracked 
|  52|0x0000000087600000, 0x0000000087600000, 0x0000000087700000|  0%| F|  |TAMS 0x0000000087600000, 0x0000000087600000| Untracked 
|  53|0x0000000087700000, 0x0000000087700000, 0x0000000087800000|  0%| F|  |TAMS 0x0000000087700000, 0x0000000087700000| Untracked 
|  54|0x0000000087800000, 0x0000000087800000, 0x0000000087900000|  0%| F|  |TAMS 0x0000000087800000, 0x0000000087800000| Untracked 
|  55|0x0000000087900000, 0x0000000087900000, 0x0000000087a00000|  0%| F|  |TAMS 0x0000000087900000, 0x0000000087900000| Untracked 
|  56|0x0000000087a00000, 0x0000000087a00000, 0x0000000087b00000|  0%| F|  |TAMS 0x0000000087a00000, 0x0000000087a00000| Untracked 
|  57|0x0000000087b00000, 0x0000000087b00000, 0x0000000087c00000|  0%| F|  |TAMS 0x0000000087b00000, 0x0000000087b00000| Untracked 
|  58|0x0000000087c00000, 0x0000000087c00000, 0x0000000087d00000|  0%| F|  |TAMS 0x0000000087c00000, 0x0000000087c00000| Untracked 
|  59|0x0000000087d00000, 0x0000000087d00000, 0x0000000087e00000|  0%| F|  |TAMS 0x0000000087d00000, 0x0000000087d00000| Untracked 
|  60|0x0000000087e00000, 0x0000000087e00000, 0x0000000087f00000|  0%| F|  |TAMS 0x0000000087e00000, 0x0000000087e00000| Untracked 
|  61|0x0000000087f00000, 0x0000000087f00000, 0x0000000088000000|  0%| F|  |TAMS 0x0000000087f00000, 0x0000000087f00000| Untracked 
|  62|0x0000000088000000, 0x0000000088000000, 0x0000000088100000|  0%| F|  |TAMS 0x0000000088000000, 0x0000000088000000| Untracked 
|  63|0x0000000088100000, 0x0000000088100000, 0x0000000088200000|  0%| F|  |TAMS 0x0000000088100000, 0x0000000088100000| Untracked 
|  64|0x0000000088200000, 0x0000000088200000, 0x0000000088300000|  0%| F|  |TAMS 0x0000000088200000, 0x0000000088200000| Untracked 
|  65|0x0000000088300000, 0x0000000088300000, 0x0000000088400000|  0%| F|  |TAMS 0x0000000088300000, 0x0000000088300000| Untracked 
|  66|0x0000000088400000, 0x0000000088400000, 0x0000000088500000|  0%| F|  |TAMS 0x0000000088400000, 0x0000000088400000| Untracked 
|  67|0x0000000088500000, 0x0000000088500000, 0x0000000088600000|  0%| F|  |TAMS 0x0000000088500000, 0x0000000088500000| Untracked 
|  68|0x0000000088600000, 0x0000000088600000, 0x0000000088700000|  0%| F|  |TAMS 0x0000000088600000, 0x0000000088600000| Untracked 
|  69|0x0000000088700000, 0x0000000088700000, 0x0000000088800000|  0%| F|  |TAMS 0x0000000088700000, 0x0000000088700000| Untracked 
|  70|0x0000000088800000, 0x0000000088800000, 0x0000000088900000|  0%| F|  |TAMS 0x0000000088800000, 0x0000000088800000| Untracked 
|  71|0x0000000088900000, 0x0000000088900000, 0x0000000088a00000|  0%| F|  |TAMS 0x0000000088900000, 0x0000000088900000| Untracked 
|  72|0x0000000088a00000, 0x0000000088a00000, 0x0000000088b00000|  0%| F|  |TAMS 0x0000000088a00000, 0x0000000088a00000| Untracked 
|  73|0x0000000088b00000, 0x0000000088b00000, 0x0000000088c00000|  0%| F|  |TAMS 0x0000000088b00000, 0x0000000088b00000| Untracked 
|  74|0x0000000088c00000, 0x0000000088c00000, 0x0000000088d00000|  0%| F|  |TAMS 0x0000000088c00000, 0x0000000088c00000| Untracked 
|  75|0x0000000088d00000, 0x0000000088d00000, 0x0000000088e00000|  0%| F|  |TAMS 0x0000000088d00000, 0x0000000088d00000| Untracked 
|  76|0x0000000088e00000, 0x0000000088e00000, 0x0000000088f00000|  0%| F|  |TAMS 0x0000000088e00000, 0x0000000088e00000| Untracked 
|  77|0x0000000088f00000, 0x0000000088f00000, 0x0000000089000000|  0%| F|  |TAMS 0x0000000088f00000, 0x0000000088f00000| Untracked 
|  78|0x0000000089000000, 0x0000000089000000, 0x0000000089100000|  0%| F|  |TAMS 0x0000000089000000, 0x0000000089000000| Untracked 
|  79|0x0000000089100000, 0x0000000089100000, 0x0000000089200000|  0%| F|  |TAMS 0x0000000089100000, 0x0000000089100000| Untracked 
|  80|0x0000000089200000, 0x0000000089200000, 0x0000000089300000|  0%| F|  |TAMS 0x0000000089200000, 0x0000000089200000| Untracked 
|  81|0x0000000089300000, 0x0000000089300000, 0x0000000089400000|  0%| F|  |TAMS 0x0000000089300000, 0x0000000089300000| Untracked 
|  82|0x0000000089400000, 0x0000000089400000, 0x0000000089500000|  0%| F|  |TAMS 0x0000000089400000, 0x0000000089400000| Untracked 
|  83|0x0000000089500000, 0x0000000089500000, 0x0000000089600000|  0%| F|  |TAMS 0x0000000089500000, 0x0000000089500000| Untracked 
|  84|0x0000000089600000, 0x0000000089600000, 0x0000000089700000|  0%| F|  |TAMS 0x0000000089600000, 0x0000000089600000| Untracked 
|  85|0x0000000089700000, 0x0000000089700000, 0x0000000089800000|  0%| F|  |TAMS 0x0000000089700000, 0x0000000089700000| Untracked 
|  86|0x0000000089800000, 0x0000000089800000, 0x0000000089900000|  0%| F|  |TAMS 0x0000000089800000, 0x0000000089800000| Untracked 
|  87|0x0000000089900000, 0x0000000089900000, 0x0000000089a00000|  0%| F|  |TAMS 0x0000000089900000, 0x0000000089900000| Untracked 
|  88|0x0000000089a00000, 0x0000000089a00000, 0x0000000089b00000|  0%| F|  |TAMS 0x0000000089a00000, 0x0000000089a00000| Untracked 
|  89|0x0000000089b00000, 0x0000000089b00000, 0x0000000089c00000|  0%| F|  |TAMS 0x0000000089b00000, 0x0000000089b00000| Untracked 
|  90|0x0000000089c00000, 0x0000000089c00000, 0x0000000089d00000|  0%| F|  |TAMS 0x0000000089c00000, 0x0000000089c00000| Untracked 
|  91|0x0000000089d00000, 0x0000000089d00000, 0x0000000089e00000|  0%| F|  |TAMS 0x0000000089d00000, 0x0000000089d00000| Untracked 
|  92|0x0000000089e00000, 0x0000000089e00000, 0x0000000089f00000|  0%| F|  |TAMS 0x0000000089e00000, 0x0000000089e00000| Untracked 
|  93|0x0000000089f00000, 0x0000000089f00000, 0x000000008a000000|  0%| F|  |TAMS 0x0000000089f00000, 0x0000000089f00000| Untracked 
|  94|0x000000008a000000, 0x000000008a060600, 0x000000008a100000| 37%| S|CS|TAMS 0x000000008a000000, 0x000000008a000000| Complete 
|  95|0x000000008a100000, 0x000000008a200000, 0x000000008a200000|100%| S|CS|TAMS 0x000000008a100000, 0x000000008a100000| Complete 
|  96|0x000000008a200000, 0x000000008a300000, 0x000000008a300000|100%| S|CS|TAMS 0x000000008a200000, 0x000000008a200000| Complete 
|  97|0x000000008a300000, 0x000000008a300000, 0x000000008a400000|  0%| F|  |TAMS 0x000000008a300000, 0x000000008a300000| Untracked 
|  98|0x000000008a400000, 0x000000008a400000, 0x000000008a500000|  0%| F|  |TAMS 0x000000008a400000, 0x000000008a400000| Untracked 
|  99|0x000000008a500000, 0x000000008a500000, 0x000000008a600000|  0%| F|  |TAMS 0x000000008a500000, 0x000000008a500000| Untracked 
| 100|0x000000008a600000, 0x000000008a600000, 0x000000008a700000|  0%| F|  |TAMS 0x000000008a600000, 0x000000008a600000| Untracked 
| 101|0x000000008a700000, 0x000000008a700000, 0x000000008a800000|  0%| F|  |TAMS 0x000000008a700000, 0x000000008a700000| Untracked 
| 102|0x000000008a800000, 0x000000008a800000, 0x000000008a900000|  0%| F|  |TAMS 0x000000008a800000, 0x000000008a800000| Untracked 
| 103|0x000000008a900000, 0x000000008a900000, 0x000000008aa00000|  0%| F|  |TAMS 0x000000008a900000, 0x000000008a900000| Untracked 
| 104|0x000000008aa00000, 0x000000008aa00000, 0x000000008ab00000|  0%| F|  |TAMS 0x000000008aa00000, 0x000000008aa00000| Untracked 
| 105|0x000000008ab00000, 0x000000008ab00000, 0x000000008ac00000|  0%| F|  |TAMS 0x000000008ab00000, 0x000000008ab00000| Untracked 
| 106|0x000000008ac00000, 0x000000008ac00000, 0x000000008ad00000|  0%| F|  |TAMS 0x000000008ac00000, 0x000000008ac00000| Untracked 
| 107|0x000000008ad00000, 0x000000008ad00000, 0x000000008ae00000|  0%| F|  |TAMS 0x000000008ad00000, 0x000000008ad00000| Untracked 
| 108|0x000000008ae00000, 0x000000008ae00000, 0x000000008af00000|  0%| F|  |TAMS 0x000000008ae00000, 0x000000008ae00000| Untracked 
| 109|0x000000008af00000, 0x000000008af00000, 0x000000008b000000|  0%| F|  |TAMS 0x000000008af00000, 0x000000008af00000| Untracked 
| 110|0x000000008b000000, 0x000000008b000000, 0x000000008b100000|  0%| F|  |TAMS 0x000000008b000000, 0x000000008b000000| Untracked 
| 111|0x000000008b100000, 0x000000008b100000, 0x000000008b200000|  0%| F|  |TAMS 0x000000008b100000, 0x000000008b100000| Untracked 
| 112|0x000000008b200000, 0x000000008b200000, 0x000000008b300000|  0%| F|  |TAMS 0x000000008b200000, 0x000000008b200000| Untracked 
| 113|0x000000008b300000, 0x000000008b300000, 0x000000008b400000|  0%| F|  |TAMS 0x000000008b300000, 0x000000008b300000| Untracked 
| 114|0x000000008b400000, 0x000000008b400000, 0x000000008b500000|  0%| F|  |TAMS 0x000000008b400000, 0x000000008b400000| Untracked 
| 115|0x000000008b500000, 0x000000008b500000, 0x000000008b600000|  0%| F|  |TAMS 0x000000008b500000, 0x000000008b500000| Untracked 
| 116|0x000000008b600000, 0x000000008b700000, 0x000000008b700000|100%| E|  |TAMS 0x000000008b600000, 0x000000008b600000| Complete 
| 117|0x000000008b700000, 0x000000008b800000, 0x000000008b800000|100%| E|CS|TAMS 0x000000008b700000, 0x000000008b700000| Complete 
| 118|0x000000008b800000, 0x000000008b900000, 0x000000008b900000|100%| E|CS|TAMS 0x000000008b800000, 0x000000008b800000| Complete 
| 119|0x000000008b900000, 0x000000008ba00000, 0x000000008ba00000|100%| E|CS|TAMS 0x000000008b900000, 0x000000008b900000| Complete 
| 120|0x000000008ba00000, 0x000000008bb00000, 0x000000008bb00000|100%| E|CS|TAMS 0x000000008ba00000, 0x000000008ba00000| Complete 
| 121|0x000000008bb00000, 0x000000008bc00000, 0x000000008bc00000|100%| E|CS|TAMS 0x000000008bb00000, 0x000000008bb00000| Complete 
| 122|0x000000008bc00000, 0x000000008bd00000, 0x000000008bd00000|100%| E|CS|TAMS 0x000000008bc00000, 0x000000008bc00000| Complete 
| 123|0x000000008bd00000, 0x000000008be00000, 0x000000008be00000|100%| E|CS|TAMS 0x000000008bd00000, 0x000000008bd00000| Complete 

Card table byte_map: [0x0000025e7af30000,0x0000025e7b310000] _byte_map_base: 0x0000025e7ab0f000

Marking Bits (Prev, Next): (CMBitMap*) 0x0000025e6ffa7bc0, (CMBitMap*) 0x0000025e6ffa7c00
 Prev Bits: [0x0000025e7b6f0000, 0x0000025e7d5e8000)
 Next Bits: [0x0000025e7d5f0000, 0x0000025e7f4e8000)

Polling page: 0x0000025e6dec0000

Metaspace:

Usage:
  Non-class:     13.16 MB used.
      Class:      2.00 MB used.
       Both:     15.16 MB used.

Virtual space:
  Non-class space:       64.00 MB reserved,      13.25 MB ( 21%) committed,  1 nodes.
      Class space:        1.00 GB reserved,       2.13 MB ( <1%) committed,  1 nodes.
             Both:        1.06 GB reserved,      15.38 MB (  1%) committed. 

Chunk freelists:
   Non-Class:  2.61 MB
       Class:  13.84 MB
        Both:  16.45 MB

MaxMetaspaceSize: unlimited
CompressedClassSpaceSize: 1.00 GB
Initial GC threshold: 21.00 MB
Current GC threshold: 21.00 MB
CDS: on
MetaspaceReclaimPolicy: balanced
 - commit_granule_bytes: 65536.
 - commit_granule_words: 8192.
 - virtual_space_node_default_size: 8388608.
 - enlarge_chunks_in_place: 1.
 - new_chunks_are_fully_committed: 0.
 - uncommit_free_chunks: 1.
 - use_allocation_guard: 0.
 - handle_deallocations: 1.


Internal statistics:

num_allocs_failed_limit: 0.
num_arena_births: 262.
num_arena_deaths: 0.
num_vsnodes_births: 2.
num_vsnodes_deaths: 0.
num_space_committed: 246.
num_space_uncommitted: 0.
num_chunks_returned_to_freelist: 0.
num_chunks_taken_from_freelist: 740.
num_chunk_merges: 0.
num_chunk_splits: 468.
num_chunks_enlarged: 334.
num_inconsistent_stats: 0.

CodeCache: size=49152Kb used=5818Kb max_used=5818Kb free=43333Kb
 bounds [0x0000025e77a40000, 0x0000025e77ff0000, 0x0000025e7aa40000]
 total_blobs=2499 nmethods=2002 adapters=421
 compilation: enabled
              stopped_count=0, restarted_count=0
 full_count=0

Compilation events (20 events):
Event: 2.225 Thread 0x0000025e471c2130 1993       1       java.util.jar.JarFile$JarFileEntry::getRealName (5 bytes)
Event: 2.225 Thread 0x0000025e471c2130 nmethod 1993 0x0000025e77fe6f10 code [0x0000025e77fe70a0, 0x0000025e77fe7178]
Event: 2.237 Thread 0x0000025e47f5c450 1994       1       java.lang.System$2::getEnumConstantsShared (8 bytes)
Event: 2.237 Thread 0x0000025e47f5c450 nmethod 1994 0x0000025e77fe7210 code [0x0000025e77fe73a0, 0x0000025e77fe74c8]
Event: 2.238 Thread 0x0000025e7ff2c910 1995       1       jdk.internal.loader.AbstractClassLoaderValue::<init> (5 bytes)
Event: 2.238 Thread 0x0000025e47f5c450 1996       1       jdk.internal.loader.AbstractClassLoaderValue::sub (10 bytes)
Event: 2.238 Thread 0x0000025e471c2130 1997       1       jdk.internal.loader.AbstractClassLoaderValue$Sub::<init> (15 bytes)
Event: 2.238 Thread 0x0000025e7ff2c910 nmethod 1995 0x0000025e77fe7590 code [0x0000025e77fe7720, 0x0000025e77fe77d8]
Event: 2.238 Thread 0x0000025e7ff2c910 1998       1       java.lang.ClassLoader::createOrGetClassLoaderValueMap (37 bytes)
Event: 2.238 Thread 0x0000025e47f5c450 nmethod 1996 0x0000025e77fe7890 code [0x0000025e77fe7a20, 0x0000025e77fe7bd8]
Event: 2.238 Thread 0x0000025e471c2130 nmethod 1997 0x0000025e77fe7c90 code [0x0000025e77fe7e20, 0x0000025e77fe7f78]
Event: 2.239 Thread 0x0000025e7ff2c910 nmethod 1998 0x0000025e77fe8010 code [0x0000025e77fe81a0, 0x0000025e77fe8328]
Event: 2.243 Thread 0x0000025e47f5c450 1999       1       java.util.IdentityHashMap::nextKeyIndex (15 bytes)
Event: 2.243 Thread 0x0000025e47f5c450 nmethod 1999 0x0000025e77fe8410 code [0x0000025e77fe85a0, 0x0000025e77fe8658]
Event: 2.244 Thread 0x0000025e7ff2c910 2000 % !   1       java.util.concurrent.ConcurrentHashMap::transfer @ 96 (849 bytes)
Event: 2.246 Thread 0x0000025e47f5c450 2001       1       sun.invoke.util.VerifyAccess::isModuleAccessible (97 bytes)
Event: 2.247 Thread 0x0000025e47f5c450 nmethod 2001 0x0000025e77fe8710 code [0x0000025e77fe8940, 0x0000025e77fe8ec8]
Event: 2.248 Thread 0x0000025e7ff2c910 nmethod 2000% 0x0000025e77fe9190 code [0x0000025e77fe94a0, 0x0000025e77feb148]
Event: 2.261 Thread 0x0000025e47f5c450 2002       1       java.util.zip.ZipEntry::setExtra0 (493 bytes)
Event: 2.264 Thread 0x0000025e47f5c450 nmethod 2002 0x0000025e77fec690 code [0x0000025e77fec8e0, 0x0000025e77fee128]

GC Heap History (4 events):
Event: 1.583 GC heap before
{Heap before GC invocations=0 (full 0):
 garbage-first heap   total 126976K, used 24576K [0x0000000084200000, 0x0000000100000000)
  region size 1024K, 23 young (23552K), 0 survivors (0K)
 Metaspace       used 8258K, committed 8448K, reserved 1114112K
  class space    used 1075K, committed 1152K, reserved 1048576K
}
Event: 1.595 GC heap after
{Heap after GC invocations=1 (full 0):
 garbage-first heap   total 126976K, used 6528K [0x0000000084200000, 0x0000000100000000)
  region size 1024K, 3 young (3072K), 3 survivors (3072K)
 Metaspace       used 8258K, committed 8448K, reserved 1114112K
  class space    used 1075K, committed 1152K, reserved 1048576K
}
Event: 2.150 GC heap before
{Heap before GC invocations=1 (full 0):
 garbage-first heap   total 126976K, used 30080K [0x0000000084200000, 0x0000000100000000)
  region size 1024K, 27 young (27648K), 3 survivors (3072K)
 Metaspace       used 13767K, committed 14016K, reserved 1114112K
  class space    used 1799K, committed 1920K, reserved 1048576K
}
Event: 2.159 GC heap after
{Heap after GC invocations=2 (full 0):
 garbage-first heap   total 126976K, used 9072K [0x0000000084200000, 0x0000000100000000)
  region size 1024K, 3 young (3072K), 3 survivors (3072K)
 Metaspace       used 13767K, committed 14016K, reserved 1114112K
  class space    used 1799K, committed 1920K, reserved 1048576K
}

Dll operation events (11 events):
Event: 0.016 Loaded shared library C:\Users\vuodo\.jdks\corretto-17.0.8\bin\java.dll
Event: 0.050 Loaded shared library C:\Users\vuodo\.jdks\corretto-17.0.8\bin\jsvml.dll
Event: 0.198 Loaded shared library C:\Users\vuodo\.jdks\corretto-17.0.8\bin\zip.dll
Event: 0.204 Loaded shared library C:\Users\vuodo\.jdks\corretto-17.0.8\bin\instrument.dll
Event: 0.213 Loaded shared library C:\Users\vuodo\.jdks\corretto-17.0.8\bin\net.dll
Event: 0.216 Loaded shared library C:\Users\vuodo\.jdks\corretto-17.0.8\bin\nio.dll
Event: 0.225 Loaded shared library C:\Users\vuodo\.jdks\corretto-17.0.8\bin\zip.dll
Event: 0.391 Loaded shared library C:\Users\vuodo\AppData\Local\Programs\IntelliJ IDEA Ultimate\bin\breakgen64.dll
Event: 0.436 Loaded shared library C:\Users\vuodo\.jdks\corretto-17.0.8\bin\jimage.dll
Event: 0.479 Loaded shared library C:\Users\vuodo\.jdks\corretto-17.0.8\bin\management.dll
Event: 0.515 Loaded shared library C:\Users\vuodo\.jdks\corretto-17.0.8\bin\management_ext.dll

Deoptimization events (2 events):
Event: 2.136 Thread 0x0000025e6ff4e100 DEOPT PACKING pc=0x0000025e77fc3e99 sp=0x000000cc36dfd470
Event: 2.136 Thread 0x0000025e6ff4e100 DEOPT UNPACKING pc=0x0000025e77a9ace3 sp=0x000000cc36dfc950 mode 3

Classes unloaded (0 events):
No events

Classes redefined (0 events):
No events

Internal exceptions (20 events):
Event: 1.724 Thread 0x0000025e6ff4e100 Exception <a 'java/lang/NoSuchMethodError'{0x000000008b97e9e0}: 'java.lang.Object java.lang.invoke.Invokers$Holder.linkToTargetMethod(java.lang.Object, java.lang.Object, int, java.lang.Object, java.lang.Object)'> (0x000000008b97e9e0) 
thrown [s\src\hotspot\share\interpreter\linkResolver.cpp, line 759]
Event: 1.728 Thread 0x0000025e6ff4e100 Exception <a 'java/lang/NoSuchMethodError'{0x000000008b98d538}: 'java.lang.Object java.lang.invoke.DirectMethodHandle$Holder.newInvokeSpecial(java.lang.Object, int, java.lang.Object)'> (0x000000008b98d538) 
thrown [s\src\hotspot\share\interpreter\linkResolver.cpp, line 759]
Event: 1.728 Thread 0x0000025e6ff4e100 Exception <a 'java/lang/NoSuchMethodError'{0x000000008b991ff8}: 'int java.lang.invoke.DirectMethodHandle$Holder.invokeSpecialIFC(java.lang.Object, java.lang.Object, java.lang.Object, java.lang.Object)'> (0x000000008b991ff8) 
thrown [s\src\hotspot\share\interpreter\linkResolver.cpp, line 759]
Event: 1.756 Thread 0x0000025e6ff4e100 Exception <a 'java/lang/NoSuchMethodError'{0x000000008b864e70}: 'void java.lang.invoke.DirectMethodHandle$Holder.invokeInterface(java.lang.Object, java.lang.Object, java.lang.Object)'> (0x000000008b864e70) 
thrown [s\src\hotspot\share\interpreter\linkResolver.cpp, line 759]
Event: 1.809 Thread 0x0000025e6ff4e100 Exception <a 'java/lang/NoSuchMethodError'{0x000000008b7b4b78}: 'void java.lang.invoke.DirectMethodHandle$Holder.invokeStatic(java.lang.Object, java.lang.Object, int)'> (0x000000008b7b4b78) 
thrown [s\src\hotspot\share\interpreter\linkResolver.cpp, line 759]
Event: 1.811 Thread 0x0000025e6ff4e100 Exception <a 'java/lang/NoSuchMethodError'{0x000000008b7bca20}: 'void java.lang.invoke.DirectMethodHandle$Holder.invokeStaticInit(java.lang.Object, java.lang.Object)'> (0x000000008b7bca20) 
thrown [s\src\hotspot\share\interpreter\linkResolver.cpp, line 759]
Event: 1.813 Thread 0x0000025e6ff4e100 Exception <a 'java/lang/NoSuchMethodError'{0x000000008b7ca0f8}: 'void java.lang.invoke.DirectMethodHandle$Holder.invokeStaticInit(java.lang.Object, java.lang.Object, java.lang.Object)'> (0x000000008b7ca0f8) 
thrown [s\src\hotspot\share\interpreter\linkResolver.cpp, line 759]
Event: 1.818 Thread 0x0000025e6ff4e100 Exception <a 'java/lang/NoSuchMethodError'{0x000000008b7db7c8}: 'java.lang.Object java.lang.invoke.DirectMethodHandle$Holder.invokeStatic(java.lang.Object, java.lang.Object, long, java.lang.Object)'> (0x000000008b7db7c8) 
thrown [s\src\hotspot\share\interpreter\linkResolver.cpp, line 759]
Event: 1.818 Thread 0x0000025e6ff4e100 Exception <a 'java/lang/NoSuchMethodError'{0x000000008b7df260}: 'java.lang.Object java.lang.invoke.DirectMethodHandle$Holder.invokeStaticInit(java.lang.Object, java.lang.Object, long, java.lang.Object)'> (0x000000008b7df260) 
thrown [s\src\hotspot\share\interpreter\linkResolver.cpp, line 759]
Event: 1.819 Thread 0x0000025e6ff4e100 Exception <a 'java/lang/NoSuchMethodError'{0x000000008b7e5870}: 'java.lang.Object java.lang.invoke.DirectMethodHandle$Holder.newInvokeSpecial(java.lang.Object, java.lang.Object, long)'> (0x000000008b7e5870) 
thrown [s\src\hotspot\share\interpreter\linkResolver.cpp, line 759]
Event: 1.819 Thread 0x0000025e6ff4e100 Exception <a 'java/lang/NoSuchMethodError'{0x000000008b7e93e0}: 'java.lang.Object java.lang.invoke.Invokers$Holder.linkToTargetMethod(java.lang.Object, long, java.lang.Object)'> (0x000000008b7e93e0) 
thrown [s\src\hotspot\share\interpreter\linkResolver.cpp, line 759]
Event: 1.833 Thread 0x0000025e6ff4e100 Exception <a 'java/lang/NoSuchMethodError'{0x000000008b630880}: 'void java.lang.invoke.DirectMethodHandle$Holder.invokeVirtual(java.lang.Object, java.lang.Object, java.lang.Object, java.lang.Object)'> (0x000000008b630880) 
thrown [s\src\hotspot\share\interpreter\linkResolver.cpp, line 759]
Event: 1.879 Thread 0x0000025e6ff4e100 Exception <a 'java/lang/NoSuchMethodError'{0x000000008b575ed8}: 'void java.lang.invoke.DirectMethodHandle$Holder.invokeSpecial(java.lang.Object, java.lang.Object, java.lang.Object)'> (0x000000008b575ed8) 
thrown [s\src\hotspot\share\interpreter\linkResolver.cpp, line 759]
Event: 1.881 Thread 0x0000025e6ff4e100 Exception <a 'java/lang/NoSuchMethodError'{0x000000008b57c4b0}: 'void java.lang.invoke.DirectMethodHandle$Holder.invokeSpecial(java.lang.Object, java.lang.Object, java.lang.Object, java.lang.Object, java.lang.Object)'> (0x000000008b57c4b0) 
thrown [s\src\hotspot\share\interpreter\linkResolver.cpp, line 759]
Event: 1.893 Thread 0x0000025e6ff4e100 Exception <a 'java/lang/IncompatibleClassChangeError'{0x000000008b5a8810}: Found class java.lang.Object, but interface was expected> (0x000000008b5a8810) 
thrown [s\src\hotspot\share\interpreter\linkResolver.cpp, line 826]
Event: 1.893 Thread 0x0000025e47dbe9c0 Exception <a 'java/lang/NoClassDefFoundError'{0x000000008b416080}: jakarta/validation/Validation> (0x000000008b416080) 
thrown [s\src\hotspot\share\classfile\systemDictionary.cpp, line 245]
Event: 2.137 Thread 0x0000025e47f8e0d0 Exception <a 'java/lang/NoSuchMethodError'{0x000000008a7fc148}: static [B.<clinit>()V> (0x000000008a7fc148) 
thrown [s\src\hotspot\share\prims\jni.cpp, line 1107]
Event: 2.170 Thread 0x0000025e47f8e0d0 Exception <a 'java/lang/ClassNotFoundException'{0x000000008bd9c130}: javax/management/remote/rmi/RMIConnectionImpl_Skel> (0x000000008bd9c130) 
thrown [s\src\hotspot\share\classfile\systemDictionary.cpp, line 256]
Event: 2.200 Thread 0x0000025e47f8e0d0 Exception <a 'java/lang/reflect/InvocationTargetException'{0x000000008bb222f8}> (0x000000008bb222f8) 
thrown [s\src\hotspot\share\runtime\reflection.cpp, line 1121]
Event: 2.206 Thread 0x0000025e47f8e0d0 Exception <a 'java/lang/NoSuchMethodError'{0x000000008ba1cef8}: static [Ljava/lang/StackTraceElement;.<clinit>()V> (0x000000008ba1cef8) 
thrown [s\src\hotspot\share\prims\jni.cpp, line 1107]

VM Operations (20 events):
Event: 1.435 Executing VM operation: HandshakeAllThreads
Event: 1.435 Executing VM operation: HandshakeAllThreads done
Event: 1.435 Executing VM operation: Cleanup
Event: 1.435 Executing VM operation: Cleanup done
Event: 1.583 Executing VM operation: G1CollectForAllocation
Event: 1.595 Executing VM operation: G1CollectForAllocation done
Event: 1.687 Executing VM operation: HandshakeAllThreads
Event: 1.687 Executing VM operation: HandshakeAllThreads done
Event: 1.872 Executing VM operation: HandshakeAllThreads
Event: 1.872 Executing VM operation: HandshakeAllThreads done
Event: 1.876 Executing VM operation: HandshakeAllThreads
Event: 1.876 Executing VM operation: HandshakeAllThreads done
Event: 2.119 Executing VM operation: ICBufferFull
Event: 2.121 Executing VM operation: ICBufferFull done
Event: 2.150 Executing VM operation: G1CollectForAllocation
Event: 2.159 Executing VM operation: G1CollectForAllocation done
Event: 2.166 Executing VM operation: HandshakeAllThreads
Event: 2.166 Executing VM operation: HandshakeAllThreads done
Event: 2.239 Executing VM operation: HandshakeAllThreads
Event: 2.239 Executing VM operation: HandshakeAllThreads done

Events (20 events):
Event: 2.177 loading class sun/rmi/transport/DGCAckHandler done
Event: 2.179 loading class sun/rmi/transport/DGCAckHandler$1
Event: 2.179 loading class sun/rmi/transport/DGCAckHandler$1 done
Event: 2.190 loading class java/nio/charset/CharacterCodingException
Event: 2.190 loading class java/nio/charset/CharacterCodingException done
Event: 2.198 loading class javax/management/MalformedObjectNameException
Event: 2.199 loading class javax/management/MalformedObjectNameException done
Event: 2.199 loading class javax/management/remote/rmi/RMIConnectionImpl$PrivilegedOperation
Event: 2.199 loading class javax/management/remote/rmi/RMIConnectionImpl$PrivilegedOperation done
Event: 2.200 loading class java/security/PrivilegedActionException
Event: 2.200 loading class java/security/PrivilegedActionException done
Event: 2.201 loading class java/io/PrintWriter
Event: 2.201 loading class java/io/PrintWriter done
Event: 2.202 loading class java/lang/Throwable$PrintStreamOrWriter
Event: 2.202 loading class java/lang/Throwable$PrintStreamOrWriter done
Event: 2.211 loading class java/rmi/AccessException
Event: 2.211 loading class java/rmi/AccessException done
Event: 2.221 loading class java/rmi/server/UnicastRemoteObject
Event: 2.221 Thread 0x0000025e482980e0 Thread exited: 0x0000025e482980e0
Event: 2.221 loading class java/rmi/server/UnicastRemoteObject done


Dynamic libraries:
0x00007ff7c2be0000 - 0x00007ff7c2bed000 	C:\Users\vuodo\.jdks\corretto-17.0.8\bin\java.exe
0x00007ffdc3af0000 - 0x00007ffdc3d05000 	C:\WINDOWS\SYSTEM32\ntdll.dll
0x00007ffdc3930000 - 0x00007ffdc39f4000 	C:\WINDOWS\System32\KERNEL32.DLL
0x00007ffdc10f0000 - 0x00007ffdc1495000 	C:\WINDOWS\System32\KERNELBASE.dll
0x00007ffdc1660000 - 0x00007ffdc1771000 	C:\WINDOWS\System32\ucrtbase.dll
0x00007ffd79e30000 - 0x00007ffd79e45000 	C:\Users\vuodo\.jdks\corretto-17.0.8\bin\VCRUNTIME140.dll
0x00007ffd7f820000 - 0x00007ffd7f837000 	C:\Users\vuodo\.jdks\corretto-17.0.8\bin\jli.dll
0x00007ffdc3500000 - 0x00007ffdc36ae000 	C:\WINDOWS\System32\USER32.dll
0x00007ffdc1840000 - 0x00007ffdc1866000 	C:\WINDOWS\System32\win32u.dll
0x00007ffda1e40000 - 0x00007ffda20d3000 	C:\WINDOWS\WinSxS\amd64_microsoft.windows.common-controls_6595b64144ccf1df_6.0.22621.2191_none_2715cffb738043a6\COMCTL32.dll
0x00007ffdc2ed0000 - 0x00007ffdc2f77000 	C:\WINDOWS\System32\msvcrt.dll
0x00007ffdc3a80000 - 0x00007ffdc3aa9000 	C:\WINDOWS\System32\GDI32.dll
0x00007ffdc14a0000 - 0x00007ffdc15b9000 	C:\WINDOWS\System32\gdi32full.dll
0x00007ffdc15c0000 - 0x00007ffdc165a000 	C:\WINDOWS\System32\msvcp_win.dll
0x00007ffdc2d30000 - 0x00007ffdc2d61000 	C:\WINDOWS\System32\IMM32.DLL
0x00007ffd79d90000 - 0x00007ffd79e2b000 	C:\Users\vuodo\.jdks\corretto-17.0.8\bin\msvcp140.dll
0x00007ffd504d0000 - 0x00007ffd510ed000 	C:\Users\vuodo\.jdks\corretto-17.0.8\bin\server\jvm.dll
0x00007ffdc36b0000 - 0x00007ffdc3760000 	C:\WINDOWS\System32\ADVAPI32.dll
0x00007ffdc33f0000 - 0x00007ffdc3496000 	C:\WINDOWS\System32\sechost.dll
0x00007ffdc3760000 - 0x00007ffdc3877000 	C:\WINDOWS\System32\RPCRT4.dll
0x00007ffda3bc0000 - 0x00007ffda3bc9000 	C:\WINDOWS\SYSTEM32\WSOCK32.dll
0x00007ffdc2ca0000 - 0x00007ffdc2d11000 	C:\WINDOWS\System32\WS2_32.dll
0x00007ffdb93e0000 - 0x00007ffdb9414000 	C:\WINDOWS\SYSTEM32\WINMM.dll
0x00007ffdb9290000 - 0x00007ffdb929a000 	C:\WINDOWS\SYSTEM32\VERSION.dll
0x00007ffdc0d60000 - 0x00007ffdc0dad000 	C:\WINDOWS\SYSTEM32\POWRPROF.dll
0x00007ffdc0d40000 - 0x00007ffdc0d53000 	C:\WINDOWS\SYSTEM32\UMPDC.dll
0x00007ffdbfe30000 - 0x00007ffdbfe48000 	C:\WINDOWS\SYSTEM32\kernel.appcore.dll
0x00007ffd9be60000 - 0x00007ffd9be6a000 	C:\Users\vuodo\.jdks\corretto-17.0.8\bin\jimage.dll
0x00007ffdbe520000 - 0x00007ffdbe74e000 	C:\WINDOWS\SYSTEM32\DBGHELP.DLL
0x00007ffdc2f80000 - 0x00007ffdc330a000 	C:\WINDOWS\System32\combase.dll
0x00007ffdc29f0000 - 0x00007ffdc2ac7000 	C:\WINDOWS\System32\OLEAUT32.dll
0x00007ffdb48a0000 - 0x00007ffdb48d2000 	C:\WINDOWS\SYSTEM32\dbgcore.DLL
0x00007ffdc0f00000 - 0x00007ffdc0f7a000 	C:\WINDOWS\System32\bcryptPrimitives.dll
0x00007ffdba4f0000 - 0x00007ffdba4fe000 	C:\Users\vuodo\.jdks\corretto-17.0.8\bin\instrument.dll
0x00007ffd794d0000 - 0x00007ffd794f5000 	C:\Users\vuodo\.jdks\corretto-17.0.8\bin\java.dll
0x00007ffd793f0000 - 0x00007ffd794c6000 	C:\Users\vuodo\.jdks\corretto-17.0.8\bin\jsvml.dll
0x00007ffdc1870000 - 0x00007ffdc20a8000 	C:\WINDOWS\System32\SHELL32.dll
0x00007ffdbeda0000 - 0x00007ffdbf68b000 	C:\WINDOWS\SYSTEM32\windows.storage.dll
0x00007ffdbec60000 - 0x00007ffdbed9e000 	C:\WINDOWS\SYSTEM32\wintypes.dll
0x00007ffdc2dd0000 - 0x00007ffdc2ec3000 	C:\WINDOWS\System32\SHCORE.dll
0x00007ffdc3390000 - 0x00007ffdc33ee000 	C:\WINDOWS\System32\shlwapi.dll
0x00007ffdc0dc0000 - 0x00007ffdc0de6000 	C:\WINDOWS\SYSTEM32\profapi.dll
0x00007ffd793b0000 - 0x00007ffd793c8000 	C:\Users\vuodo\.jdks\corretto-17.0.8\bin\zip.dll
0x00007ffd795c0000 - 0x00007ffd795d9000 	C:\Users\vuodo\.jdks\corretto-17.0.8\bin\net.dll
0x00007ffdbace0000 - 0x00007ffdbae17000 	C:\WINDOWS\SYSTEM32\WINHTTP.dll
0x00007ffdc0320000 - 0x00007ffdc0389000 	C:\WINDOWS\system32\mswsock.dll
0x00007ffd793d0000 - 0x00007ffd793e5000 	C:\Users\vuodo\.jdks\corretto-17.0.8\bin\nio.dll
0x00007ffd99540000 - 0x00007ffd9955a000 	C:\Users\vuodo\AppData\Local\Programs\IntelliJ IDEA Ultimate\bin\breakgen64.dll
0x00007ffdbf960000 - 0x00007ffdbfa53000 	C:\WINDOWS\SYSTEM32\DNSAPI.dll
0x00007ffdbf8f0000 - 0x00007ffdbf91d000 	C:\WINDOWS\SYSTEM32\IPHLPAPI.DLL
0x00007ffdc2d20000 - 0x00007ffdc2d29000 	C:\WINDOWS\System32\NSI.dll
0x00007ffdb8eb0000 - 0x00007ffdb8eba000 	C:\Windows\System32\rasadhlp.dll
0x00007ffdb9b20000 - 0x00007ffdb9ba4000 	C:\WINDOWS\System32\fwpuclnt.dll
0x00007ffdb8c40000 - 0x00007ffdb8c49000 	C:\Users\vuodo\.jdks\corretto-17.0.8\bin\management.dll
0x00007ffdb4da0000 - 0x00007ffdb4dab000 	C:\Users\vuodo\.jdks\corretto-17.0.8\bin\management_ext.dll
0x00007ffdc2dc0000 - 0x00007ffdc2dc8000 	C:\WINDOWS\System32\PSAPI.DLL
0x00007ffdc05a0000 - 0x00007ffdc05bb000 	C:\WINDOWS\SYSTEM32\CRYPTSP.dll
0x00007ffdbfdf0000 - 0x00007ffdbfe25000 	C:\WINDOWS\system32\rsaenh.dll
0x00007ffdc0430000 - 0x00007ffdc045c000 	C:\WINDOWS\SYSTEM32\USERENV.dll
0x00007ffdc0750000 - 0x00007ffdc0778000 	C:\WINDOWS\SYSTEM32\bcrypt.dll
0x00007ffdc0590000 - 0x00007ffdc059c000 	C:\WINDOWS\SYSTEM32\CRYPTBASE.dll
0x00007ffdbabf0000 - 0x00007ffdbac09000 	C:\WINDOWS\SYSTEM32\dhcpcsvc6.DLL
0x00007ffdbabb0000 - 0x00007ffdbabcf000 	C:\WINDOWS\SYSTEM32\dhcpcsvc.DLL
0x00007ffdb2470000 - 0x00007ffdb2487000 	C:\WINDOWS\system32\napinsp.dll
0x00007ffdb1230000 - 0x00007ffdb124b000 	C:\WINDOWS\system32\pnrpnsp.dll
0x00007ffdb1210000 - 0x00007ffdb1221000 	C:\WINDOWS\System32\winrnr.dll
0x00007ffdb91a0000 - 0x00007ffdb91b5000 	C:\WINDOWS\system32\wshbth.dll
0x00007ffda6440000 - 0x00007ffda6461000 	C:\WINDOWS\system32\nlansp_c.dll

dbghelp: loaded successfully - version: 4.0.5 - missing functions: none
symbol engine: initialized successfully - sym options: 0x614 - pdb path: .;C:\Users\vuodo\.jdks\corretto-17.0.8\bin;C:\WINDOWS\SYSTEM32;C:\WINDOWS\WinSxS\amd64_microsoft.windows.common-controls_6595b64144ccf1df_6.0.22621.2191_none_2715cffb738043a6;C:\Users\vuodo\.jdks\corretto-17.0.8\bin\server;C:\Users\vuodo\AppData\Local\Programs\IntelliJ IDEA Ultimate\bin

VM Arguments:
jvm_args: -XX:TieredStopAtLevel=1 -Dspring.output.ansi.enabled=always -Dcom.sun.management.jmxremote -Dspring.jmx.enabled=true -Dspring.liveBeansView.mbeanDomain -Dspring.application.admin.enabled=true -Dmanagement.endpoints.jmx.exposure.include=* -javaagent:C:\Users\vuodo\AppData\Local\Programs\IntelliJ IDEA Ultimate\lib\idea_rt.jar=57859:C:\Users\vuodo\AppData\Local\Programs\IntelliJ IDEA Ultimate\bin -Dfile.encoding=UTF-8 
java_command: com.example.searchengine.SearchEngineApplication
java_class_path (initial): D:\Java\search-engine\target\classes;C:\Users\vuodo\.m2\repository\org\springframework\boot\spring-boot-starter-data-elasticsearch\3.1.2\spring-boot-starter-data-elasticsearch-3.1.2.jar;C:\Users\vuodo\.m2\repository\org\springframework\boot\spring-boot-starter\3.1.2\spring-boot-starter-3.1.2.jar;C:\Users\vuodo\.m2\repository\org\springframework\boot\spring-boot\3.1.2\spring-boot-3.1.2.jar;C:\Users\vuodo\.m2\repository\org\springframework\boot\spring-boot-autoconfigure\3.1.2\spring-boot-autoconfigure-3.1.2.jar;C:\Users\vuodo\.m2\repository\org\springframework\boot\spring-boot-starter-logging\3.1.2\spring-boot-starter-logging-3.1.2.jar;C:\Users\vuodo\.m2\repository\ch\qos\logback\logback-classic\1.4.8\logback-classic-1.4.8.jar;C:\Users\vuodo\.m2\repository\ch\qos\logback\logback-core\1.4.8\logback-core-1.4.8.jar;C:\Users\vuodo\.m2\repository\org\apache\logging\log4j\log4j-to-slf4j\2.20.0\log4j-to-slf4j-2.20.0.jar;C:\Users\vuodo\.m2\repository\org\apache\logging\log4j\log4j-api\2.20.0\log4j-api-2.20.0.jar;C:\Users\vuodo\.m2\repository\org\slf4j\jul-to-slf4j\2.0.7\jul-to-slf4j-2.0.7.jar;C:\Users\vuodo\.m2\repository\jakarta\annotation\jakarta.annotation-api\2.1.1\jakarta.annotation-api-2.1.1.jar;C:\Users\vuodo\.m2\repository\org\yaml\snakeyaml\1.33\snakeyaml-1.33.jar;C:\Users\vuodo\.m2\repository\org\springframework\data\spring-data-elasticsearch\5.1.2\spring-data-elasticsearch-5.1.2.jar;C:\Users\vuodo\.m2\repository\org\springframework\spring-context\6.0.11\spring-context-6.0.11.jar;C:\Users\vuodo\.m2\repository\org\springframework\spring-tx\6.0.11\spring-tx-6.0.11.jar;C:\Users\vuodo\.m2\repository\org\springframework\data\spring-data-commons\3.1.2\spring-data-commons-3.1.2.jar;C:\Users\vuodo\.m2\repository\co\elastic\clients\elasticsearch-java\8.7.1\elasticsearch-java-8.7.1.jar;C:\Users\vuodo\.m2\repository\com\google\code\findbugs\jsr305\3.0.2\jsr305-3.0.2.jar;C:\Users\vuodo\.m2\repository\jakarta\json\jakarta.json-api\2.1.2\jakarta.json-
Launcher Type: SUN_STANDARD

[Global flags]
     intx CICompilerCount                          = 4                                         {product} {ergonomic}
     uint ConcGCThreads                            = 2                                         {product} {ergonomic}
     uint G1ConcRefinementThreads                  = 8                                         {product} {ergonomic}
   size_t G1HeapRegionSize                         = 1048576                                   {product} {ergonomic}
    uintx GCDrainStackTargetSize                   = 64                                        {product} {ergonomic}
   size_t InitialHeapSize                          = 130023424                                 {product} {ergonomic}
     bool ManagementServer                         = true                                      {product} {command line}
   size_t MarkStackSize                            = 4194304                                   {product} {ergonomic}
   size_t MaxHeapSize                              = 2078277632                                {product} {ergonomic}
   size_t MaxNewSize                               = 1246756864                                {product} {ergonomic}
   size_t MinHeapDeltaBytes                        = 1048576                                   {product} {ergonomic}
   size_t MinHeapSize                              = 8388608                                   {product} {ergonomic}
    uintx NonProfiledCodeHeapSize                  = 0                                      {pd product} {ergonomic}
     bool ProfileInterpreter                       = false                                  {pd product} {command line}
    uintx ProfiledCodeHeapSize                     = 0                                      {pd product} {ergonomic}
   size_t SoftMaxHeapSize                          = 2078277632                             {manageable} {ergonomic}
     intx TieredStopAtLevel                        = 1                                         {product} {command line}
     bool UseCompressedClassPointers               = true                           {product lp64_product} {ergonomic}
     bool UseCompressedOops                        = true                           {product lp64_product} {ergonomic}
     bool UseG1GC                                  = true                                      {product} {ergonomic}
     bool UseLargePagesIndividualAllocation        = false                                  {pd product} {ergonomic}

Logging:
Log output configuration:
 #0: stdout all=warning uptime,level,tags
 #1: stderr all=off uptime,level,tags

Environment Variables:
JAVA_HOME=C:\Users\vuodo\.jdks\corretto-17.0.8
PATH=C:\app\oracle_db_home\bin;C:\app\vuodo\product\21c\dbhomeXE\bin;C:\WINDOWS\system32;C:\WINDOWS;C:\WINDOWS\System32\Wbem;C:\WINDOWS\System32\WindowsPowerShell\v1.0\;C:\WINDOWS\System32\OpenSSH\;C:\Program Files\dotnet\;C:\Program Files\MongoDB\Server\6.0\bin;C:\Program Files\nodejs\;C:\ProgramData\chocolatey\bin;C:\Program Files\Git\cmd;C:\Program Files\PowerShell\7\;C:\Program Files\apache-maven-3.9.3;%JAVA_HOME%bin;C:\Program Files\RedHat\Podman\;C:\Program Files\Docker\Docker\resources\bin;C:\Program Files\MySQL\MySQL Shell 8.0\bin\;C:\Users\vuodo\AppData\Local\Microsoft\WindowsApps;C:\Users\vuodo\AppData\Local\Programs\Microsoft VS Code\bin;C:\Users\vuodo\AppData\Local\JetBrains\Toolbox\scripts;C:\Users\vuodo\AppData\Local\Microsoft\WindowsApps;C:\Program Files\MySQL\MySQL Server 8.0\bin;C:\Users\vuodo\AppData\Roaming\npm;C:\Users\vuodo\AppData\Local\Programs\oh-my-posh\bin;C:\Users\vuodo\.jdks\openjdk-20.0.1\bin
USERNAME=vuodo
OS=Windows_NT
PROCESSOR_IDENTIFIER=Intel64 Family 6 Model 140 Stepping 1, GenuineIntel
TMP=C:\Users\vuodo\AppData\Local\Temp
TEMP=C:\Users\vuodo\AppData\Local\Temp



---------------  S Y S T E M  ---------------

OS:
 Windows 11 , 64 bit Build 22621 (10.0.22621.2191)
OS uptime: 0 days 21:04 hours
Hyper-V role detected

CPU: total 8 (initial active 8) (4 cores per cpu, 2 threads per core) family 6 model 140 stepping 1 microcode 0xac, cx8, cmov, fxsr, ht, mmx, 3dnowpref, sse, sse2, sse3, ssse3, sse4.1, sse4.2, popcnt, lzcnt, tsc, tscinvbit, avx, avx2, aes, erms, clmul, bmi1, bmi2, adx, avx512f, avx512dq, avx512cd, avx512bw, avx512vl, sha, fma, vzeroupper, avx512_vpopcntdq, avx512_vpclmulqdq, avx512_vaes, avx512_vnni, clflush, clflushopt, clwb, avx512_vbmi2, avx512_vbmi, hv
Processor Information for all 8 processors :
  Max Mhz: 2419, Current Mhz: 2419, Mhz Limit: 2419

Memory: 4k page, system-wide physical 7926M (1395M free)
TotalPageFile size 20214M (AvailPageFile size 4M)
current process WorkingSet (physical memory assigned to process): 101M, peak: 101M
current process commit charge ("private bytes"): 231M, peak: 232M

vm_info: OpenJDK 64-Bit Server VM (17.0.8+7-LTS) for windows-amd64 JRE (17.0.8+7-LTS), built on Jul 10 2023 20:26:03 by "Administrator" with MS VC++ 15.9 (VS2017)

END.
